#
# There is insufficient memory for the Java Runtime Environment to continue.
# Native memory allocation (malloc) failed to allocate 1047552 bytes for Chunk::new
# Possible reasons:
#   The system is out of physical RAM or swap space
#   The process is running with CompressedOops enabled, and the Java Heap may be blocking the growth of the native heap
# Possible solutions:
#   Reduce memory load on the system
#   Increase physical memory or swap space
#   Check if swap backing store is full
#   Decrease Java heap size (-Xmx/-Xms)
#   Decrease number of Java threads
#   Decrease Java thread stack sizes (-Xss)
#   Set larger code cache with -XX:ReservedCodeCacheSize=
#   JVM is running with Zero Based Compressed Oops mode in which the Java heap is
#     placed in the first 32GB address space. The Java Heap base address is the
#     maximum limit for the native heap growth. Please use -XX:HeapBaseMinAddress
#     to set the Java Heap base and to place the Java Heap above 32GB virtual address.
# This output file may be truncated or incomplete.
#
#  Out of Memory Error (allocation.cpp:389), pid=22980, tid=0x0000000000005c70
#
# JRE version: OpenJDK Runtime Environment (8.0_312-b07) (build 1.8.0_312-b07)
# Java VM: OpenJDK 64-Bit Server VM (25.312-b07 mixed mode windows-amd64 compressed oops)
# Failed to write core dump. Minidumps are not enabled by default on client versions of Windows
#

---------------  T H R E A D  ---------------

Current thread (0x00000207f6559000):  JavaThread "C2 CompilerThread0" daemon [_thread_in_native, id=23664, stack(0x0000003218200000,0x0000003218300000)]

Stack: [0x0000003218200000,0x0000003218300000]
[error occurred during error reporting (printing stack bounds), id 0xc0000005]

Native frames: (J=compiled Java code, j=interpreted, Vv=VM code, C=native code)


Current CompileTask:
C2: 643293 26470       4       com.android.tools.r8.ir.analysis.type.t::a (238 bytes)


---------------  P R O C E S S  ---------------

Java Threads: ( => current thread )
  0x00000207fd796000 JavaThread "RMI Reaper" [_thread_blocked, id=12876, stack(0x000000321b400000,0x000000321b500000)]
  0x00000207fd798800 JavaThread "RMI TCP Accept-0" daemon [_thread_in_native, id=18376, stack(0x000000321b300000,0x000000321b400000)]
  0x00000207fd798000 JavaThread "GC Daemon" daemon [_thread_blocked, id=22876, stack(0x000000321b200000,0x000000321b300000)]
  0x00000207fd78d000 JavaThread "RMI RenewClean-[127.0.0.1:17281,org.jetbrains.kotlin.daemon.common.LoopbackNetworkInterface$ClientLoopbackSocketFactory@4d8febdb]" daemon [_thread_blocked, id=2608, stack(0x0000003218f00000,0x0000003219000000)]
  0x00000207fd794000 JavaThread "RMI Scheduler(0)" daemon [_thread_blocked, id=18332, stack(0x0000003217f00000,0x0000003218000000)]
  0x00000207fd78c000 JavaThread "WorkerExecutor Queue Thread 5" [_thread_blocked, id=8272, stack(0x0000003217600000,0x0000003217700000)]
  0x00000207f77ec000 JavaThread "WorkerExecutor Queue Thread 4" [_thread_blocked, id=12704, stack(0x000000321a800000,0x000000321a900000)]
  0x00000207f77eb800 JavaThread "WorkerExecutor Queue Thread 3" [_thread_blocked, id=24564, stack(0x000000321a700000,0x000000321a800000)]
  0x00000207f77f2800 JavaThread "WorkerExecutor Queue Thread 2" [_thread_blocked, id=3740, stack(0x000000321a600000,0x000000321a700000)]
  0x00000207fbc62800 JavaThread "Cache worker for execution history cache (D:\MyStuff\Proj\in10m\in10m_pro\.gradle\6.1.1\executionHistory)" [_thread_blocked, id=2712, stack(0x000000321a500000,0x000000321a600000)]
  0x00000207fbc67800 JavaThread "Execution worker for ':' Thread 3" [_thread_in_native, id=22264, stack(0x000000321a400000,0x000000321a500000)]
  0x00000207fbc66800 JavaThread "Execution worker for ':' Thread 2" [_thread_in_Java, id=3588, stack(0x000000321a300000,0x000000321a400000)]
  0x00000207fbc65000 JavaThread "Execution worker for ':'" [_thread_in_native, id=10332, stack(0x000000321a200000,0x000000321a300000)]
  0x00000207fbc68000 JavaThread "Cache worker for file content cache (D:\MyStuff\Proj\in10m\in10m_pro\.gradle\6.1.1\fileContent)" [_thread_blocked, id=20136, stack(0x000000321a100000,0x000000321a200000)]
  0x00000207fbc69800 JavaThread "Cache worker for file content cache (C:\Users\HP\.gradle\caches\6.1.1\fileContent)" [_thread_blocked, id=21376, stack(0x000000321a000000,0x000000321a100000)]
  0x00000207fbc64000 JavaThread "Memory manager" [_thread_blocked, id=23056, stack(0x0000003219f00000,0x000000321a000000)]
  0x00000207f8dbe800 JavaThread "pool-5-thread-1" [_thread_blocked, id=22840, stack(0x0000003219e00000,0x0000003219f00000)]
  0x00000207f8db6000 JavaThread "Cache worker for Build Output Cleanup Cache (D:\MyStuff\Proj\in10m\in10m_pro\.gradle\buildOutputCleanup)" [_thread_blocked, id=12668, stack(0x0000003219d00000,0x0000003219e00000)]
  0x00000207f8dbd000 JavaThread "Build operations Thread 4" [_thread_blocked, id=21944, stack(0x0000003219c00000,0x0000003219d00000)]
  0x00000207f8dbc000 JavaThread "Build operations Thread 3" [_thread_blocked, id=25420, stack(0x0000003219b00000,0x0000003219c00000)]
  0x00000207f8db4000 JavaThread "Build operations Thread 2" [_thread_blocked, id=20868, stack(0x0000003219a00000,0x0000003219b00000)]
  0x00000207f8dbb800 JavaThread "Build operations" [_thread_blocked, id=15268, stack(0x0000003219900000,0x0000003219a00000)]
  0x00000207f8db6800 JavaThread "Cache worker for cache directory md-rule (C:\Users\HP\.gradle\caches\6.1.1\md-rule)" [_thread_blocked, id=7744, stack(0x0000003219700000,0x0000003219800000)]
  0x00000207f8dba800 JavaThread "Cache worker for cache directory md-supplier (C:\Users\HP\.gradle\caches\6.1.1\md-supplier)" [_thread_blocked, id=21476, stack(0x0000003219600000,0x0000003219700000)]
  0x00000207f8db2800 JavaThread "Cache worker for file hash cache (D:\MyStuff\Proj\in10m\in10m_pro\.gradle\6.1.1\fileHashes)" [_thread_blocked, id=24952, stack(0x0000003219500000,0x0000003219600000)]
  0x00000207f8db5000 JavaThread "Cache worker for checksums cache (D:\MyStuff\Proj\in10m\in10m_pro\.gradle\checksums)" [_thread_blocked, id=21520, stack(0x0000003219400000,0x0000003219500000)]
  0x00000207f8db9800 JavaThread "Thread-47" [_thread_blocked, id=15372, stack(0x0000003219000000,0x0000003219100000)]
  0x00000207f8db2000 JavaThread "Asynchronous log dispatcher for DefaultDaemonConnection: socket connection from /127.0.0.1:51122 to /127.0.0.1:51299" [_thread_blocked, id=20676, stack(0x0000003218e00000,0x0000003218f00000)]
  0x00000207f8db1000 JavaThread "Cancel handler" [_thread_blocked, id=24344, stack(0x0000003218c00000,0x0000003218d00000)]
  0x00000207f8db7800 JavaThread "Handler for socket connection from /127.0.0.1:51122 to /127.0.0.1:51299" [_thread_in_native, id=23120, stack(0x0000003218b00000,0x0000003218c00000)]
  0x00000207f77ef800 JavaThread "Cache worker for execution history cache (C:\Users\HP\.gradle\caches\6.1.1\executionHistory)" [_thread_blocked, id=19964, stack(0x0000003219800000,0x0000003219900000)]
  0x00000207f77ed800 JavaThread "Cache worker for file hash cache (C:\Users\HP\.gradle\caches\6.1.1\fileHashes)" [_thread_blocked, id=844, stack(0x0000003219300000,0x0000003219400000)]
  0x00000207f77f1000 JavaThread "File lock request listener" [_thread_in_native, id=13112, stack(0x0000003219200000,0x0000003219300000)]
  0x00000207f77f0000 JavaThread "Cache worker for journal cache (C:\Users\HP\.gradle\caches\journal-1)" [_thread_blocked, id=18452, stack(0x0000003219100000,0x0000003219200000)]
  0x00000207f8228800 JavaThread "Daemon worker" [_thread_in_Java, id=23420, stack(0x0000003218d00000,0x0000003218e00000)]
  0x00000207f7e37000 JavaThread "Daemon" [_thread_blocked, id=4116, stack(0x0000003218a00000,0x0000003218b00000)]
  0x00000207f73cc800 JavaThread "Daemon periodic checks" [_thread_blocked, id=15196, stack(0x0000003218900000,0x0000003218a00000)]
  0x00000207f73cc000 JavaThread "Incoming local TCP Connector on port 51122" [_thread_in_native, id=18616, stack(0x0000003218800000,0x0000003218900000)]
  0x00000207f777c000 JavaThread "Daemon health stats" [_thread_blocked, id=19556, stack(0x0000003218700000,0x0000003218800000)]
  0x00000207f65a9000 JavaThread "Service Thread" daemon [_thread_blocked, id=7380, stack(0x0000003218500000,0x0000003218600000)]
  0x00000207f655a800 JavaThread "C1 CompilerThread2" daemon [_thread_blocked, id=25296, stack(0x0000003218400000,0x0000003218500000)]
  0x00000207f6557000 JavaThread "C2 CompilerThread1" daemon [_thread_in_native, id=17252, stack(0x0000003218300000,0x0000003218400000)]
=>0x00000207f6559000 JavaThread "C2 CompilerThread0" daemon [_thread_in_native, id=23664, stack(0x0000003218200000,0x0000003218300000)]
  0x00000207f654b000 JavaThread "Attach Listener" daemon [_thread_blocked, id=8184, stack(0x0000003218100000,0x0000003218200000)]
  0x00000207f653f800 JavaThread "Signal Dispatcher" daemon [_thread_blocked, id=22744, stack(0x0000003218000000,0x0000003218100000)]
  0x00000207f5df7000 JavaThread "Finalizer" daemon [_thread_blocked, id=17232, stack(0x0000003217e00000,0x0000003217f00000)]
  0x00000207f5def000 JavaThread "Reference Handler" daemon [_thread_blocked, id=13812, stack(0x0000003217d00000,0x0000003217e00000)]
  0x00000207db274800 JavaThread "main" [_thread_blocked, id=23828, stack(0x0000003217700000,0x0000003217800000)]

Other Threads:
  0x00000207f6503000 VMThread [stack: 0x0000003217c00000,0x0000003217d00000] [id=22620]
  0x00000207f65bb000 WatcherThread [stack: 0x0000003218600000,0x0000003218700000] [id=24592]

VM state:not at safepoint (normal execution)

VM Mutex/Monitor currently owned by a thread: None

heap address: 0x00000006c0000000, size: 4096 MB, Compressed Oops mode: Zero based, Oop shift amount: 3
Narrow klass base: 0x0000000000000000, Narrow klass shift: 3
Compressed class space size: 1073741824 Address: 0x00000007c0000000

Heap:
 PSYoungGen      total 1022464K, used 268911K [0x000000076ab00000, 0x00000007adb80000, 0x00000007c0000000)
  eden space 944640K, 26% used [0x000000076ab00000,0x0000000779b97ce8,0x00000007a4580000)
  from space 77824K, 28% used [0x00000007a8f80000,0x00000007aa584258,0x00000007adb80000)
  to   space 75776K, 0% used [0x00000007a4580000,0x00000007a4580000,0x00000007a8f80000)
 ParOldGen       total 279552K, used 211860K [0x00000006c0000000, 0x00000006d1100000, 0x000000076ab00000)
  object space 279552K, 75% used [0x00000006c0000000,0x00000006ccee5358,0x00000006d1100000)
 Metaspace       used 117064K, capacity 123140K, committed 124288K, reserved 1157120K
  class space    used 15154K, capacity 16395K, committed 16768K, reserved 1048576K

Card table byte_map: [0x00000207ebf40000,0x00000207ec750000] byte_map_base: 0x00000207e8940000

Marking Bits: (ParMarkBitMap*) 0x0000000068c61860
 Begin Bits: [0x00000207eccb0000, 0x00000207f0cb0000)
 End Bits:   [0x00000207f0cb0000, 0x00000207f4cb0000)

Polling page: 0x00000207dcb50000

CodeCache: size=245760Kb used=78319Kb max_used=78319Kb free=167440Kb
 bounds [0x00000207dcb80000, 0x00000207e18b0000, 0x00000207ebb80000]
 total_blobs=21526 nmethods=20553 adapters=882
 compilation: enabled

Compilation events (10 events):
Event: 643.176 Thread 0x00000207f655a800 26863       2       com.sun.jmx.mbeanserver.PerInterface::invoke (269 bytes)
Event: 643.181 Thread 0x00000207f655a800 nmethod 26863 0x00000207e0bb8e90 code [0x00000207e0bb91a0, 0x00000207e0bb9ed0]
Event: 643.188 Thread 0x00000207f655a800 26864       2       com.android.tools.r8.u.b.f::b (27 bytes)
Event: 643.189 Thread 0x00000207f655a800 nmethod 26864 0x00000207e0b75a90 code [0x00000207e0b75c00, 0x00000207e0b75e00]
Event: 643.189 Thread 0x00000207f655a800 26865       2       com.android.tools.r8.u.b.f::i (2 bytes)
Event: 643.189 Thread 0x00000207f655a800 nmethod 26865 0x00000207e127df10 code [0x00000207e127e060, 0x00000207e127e1b8]
Event: 643.213 Thread 0x00000207f655a800 26866       2       com.android.tools.r8.u.b.l1::g (6 bytes)
Event: 643.214 Thread 0x00000207f655a800 nmethod 26866 0x00000207e0b75710 code [0x00000207e0b75880, 0x00000207e0b759f0]
Event: 643.215 Thread 0x00000207f655a800 26867       1       com.android.tools.r8.u.b.W0::G2 (2 bytes)
Event: 643.216 Thread 0x00000207f655a800 nmethod 26867 0x00000207e0bb8bd0 code [0x00000207e0bb8d20, 0x00000207e0bb8e38]

GC Heap History (10 events):
Event: 614.902 GC heap before
{Heap before GC invocations=35 (full 5):
 PSYoungGen      total 598016K, used 585946K [0x000000076ab00000, 0x000000079c000000, 0x00000007c0000000)
  eden space 521216K, 100% used [0x000000076ab00000,0x000000078a800000,0x000000078a800000)
  from space 76800K, 84% used [0x000000078a800000,0x000000078e736808,0x000000078f300000)
  to   space 84992K, 0% used [0x0000000796d00000,0x0000000796d00000,0x000000079c000000)
 ParOldGen       total 279552K, used 141744K [0x00000006c0000000, 0x00000006d1100000, 0x000000076ab00000)
  object space 279552K, 50% used [0x00000006c0000000,0x00000006c8a6c3b0,0x00000006d1100000)
 Metaspace       used 116628K, capacity 122686K, committed 123776K, reserved 1157120K
  class space    used 15131K, capacity 16368K, committed 16768K, reserved 1048576K
Event: 615.123 GC heap after
Heap after GC invocations=35 (full 5):
 PSYoungGen      total 720384K, used 54942K [0x000000076ab00000, 0x000000079c400000, 0x00000007c0000000)
  eden space 635392K, 0% used [0x000000076ab00000,0x000000076ab00000,0x0000000791780000)
  from space 84992K, 64% used [0x0000000796d00000,0x000000079a2a7a10,0x000000079c000000)
  to   space 87552K, 0% used [0x0000000791780000,0x0000000791780000,0x0000000796d00000)
 ParOldGen       total 279552K, used 141752K [0x00000006c0000000, 0x00000006d1100000, 0x000000076ab00000)
  object space 279552K, 50% used [0x00000006c0000000,0x00000006c8a6e3b0,0x00000006d1100000)
 Metaspace       used 116628K, capacity 122686K, committed 123776K, reserved 1157120K
  class space    used 15131K, capacity 16368K, committed 16768K, reserved 1048576K
}
Event: 619.668 GC heap before
{Heap before GC invocations=36 (full 5):
 PSYoungGen      total 720384K, used 690334K [0x000000076ab00000, 0x000000079c400000, 0x00000007c0000000)
  eden space 635392K, 100% used [0x000000076ab00000,0x0000000791780000,0x0000000791780000)
  from space 84992K, 64% used [0x0000000796d00000,0x000000079a2a7a10,0x000000079c000000)
  to   space 87552K, 0% used [0x0000000791780000,0x0000000791780000,0x0000000796d00000)
 ParOldGen       total 279552K, used 141812K [0x00000006c0000000, 0x00000006d1100000, 0x000000076ab00000)
  object space 279552K, 50% used [0x00000006c0000000,0x00000006c8a7d008,0x00000006d1100000)
 Metaspace       used 116881K, capacity 122908K, committed 124032K, reserved 1157120K
  class space    used 15149K, capacity 16389K, committed 16768K, reserved 1048576K
Event: 620.353 GC heap after
Heap after GC invocations=36 (full 5):
 PSYoungGen      total 722944K, used 32285K [0x000000076ab00000, 0x00000007a4980000, 0x00000007c0000000)
  eden space 635392K, 0% used [0x000000076ab00000,0x000000076ab00000,0x0000000791780000)
  from space 87552K, 36% used [0x0000000791780000,0x0000000793707578,0x0000000796d00000)
  to   space 82944K, 0% used [0x000000079f880000,0x000000079f880000,0x00000007a4980000)
 ParOldGen       total 279552K, used 173474K [0x00000006c0000000, 0x00000006d1100000, 0x000000076ab00000)
  object space 279552K, 62% used [0x00000006c0000000,0x00000006ca968838,0x00000006d1100000)
 Metaspace       used 116881K, capacity 122908K, committed 124032K, reserved 1157120K
  class space    used 15149K, capacity 16389K, committed 16768K, reserved 1048576K
}
Event: 625.737 GC heap before
{Heap before GC invocations=37 (full 5):
 PSYoungGen      total 722944K, used 667677K [0x000000076ab00000, 0x00000007a4980000, 0x00000007c0000000)
  eden space 635392K, 100% used [0x000000076ab00000,0x0000000791780000,0x0000000791780000)
  from space 87552K, 36% used [0x0000000791780000,0x0000000793707578,0x0000000796d00000)
  to   space 82944K, 0% used [0x000000079f880000,0x000000079f880000,0x00000007a4980000)
 ParOldGen       total 279552K, used 173476K [0x00000006c0000000, 0x00000006d1100000, 0x000000076ab00000)
  object space 279552K, 62% used [0x00000006c0000000,0x00000006ca969168,0x00000006d1100000)
 Metaspace       used 116934K, capacity 123004K, committed 124032K, reserved 1157120K
  class space    used 15152K, capacity 16393K, committed 16768K, reserved 1048576K
Event: 626.158 GC heap after
Heap after GC invocations=37 (full 5):
 PSYoungGen      total 858624K, used 20028K [0x000000076ab00000, 0x00000007a4400000, 0x00000007c0000000)
  eden space 781312K, 0% used [0x000000076ab00000,0x000000076ab00000,0x000000079a600000)
  from space 77312K, 25% used [0x000000079f880000,0x00000007a0c0f328,0x00000007a4400000)
  to   space 80896K, 0% used [0x000000079a600000,0x000000079a600000,0x000000079f500000)
 ParOldGen       total 279552K, used 188079K [0x00000006c0000000, 0x00000006d1100000, 0x000000076ab00000)
  object space 279552K, 67% used [0x00000006c0000000,0x00000006cb7abd38,0x00000006d1100000)
 Metaspace       used 116934K, capacity 123004K, committed 124032K, reserved 1157120K
  class space    used 15152K, capacity 16393K, committed 16768K, reserved 1048576K
}
Event: 632.488 GC heap before
{Heap before GC invocations=38 (full 5):
 PSYoungGen      total 858624K, used 801340K [0x000000076ab00000, 0x00000007a4400000, 0x00000007c0000000)
  eden space 781312K, 100% used [0x000000076ab00000,0x000000079a600000,0x000000079a600000)
  from space 77312K, 25% used [0x000000079f880000,0x00000007a0c0f328,0x00000007a4400000)
  to   space 80896K, 0% used [0x000000079a600000,0x000000079a600000,0x000000079f500000)
 ParOldGen       total 279552K, used 188079K [0x00000006c0000000, 0x00000006d1100000, 0x000000076ab00000)
  object space 279552K, 67% used [0x00000006c0000000,0x00000006cb7abd38,0x00000006d1100000)
 Metaspace       used 116968K, capacity 123004K, committed 124032K, reserved 1157120K
  class space    used 15152K, capacity 16393K, committed 16768K, reserved 1048576K
Event: 634.272 GC heap after
Heap after GC invocations=38 (full 5):
 PSYoungGen      total 862208K, used 20561K [0x000000076ab00000, 0x00000007adc00000, 0x00000007c0000000)
  eden space 781312K, 0% used [0x000000076ab00000,0x000000076ab00000,0x000000079a600000)
  from space 80896K, 25% used [0x000000079a600000,0x000000079ba14418,0x000000079f500000)
  to   space 78336K, 0% used [0x00000007a8f80000,0x00000007a8f80000,0x00000007adc00000)
 ParOldGen       total 279552K, used 201096K [0x00000006c0000000, 0x00000006d1100000, 0x000000076ab00000)
  object space 279552K, 71% used [0x00000006c0000000,0x00000006cc462090,0x00000006d1100000)
 Metaspace       used 116968K, capacity 123004K, committed 124032K, reserved 1157120K
  class space    used 15152K, capacity 16393K, committed 16768K, reserved 1048576K
}
Event: 638.143 GC heap before
{Heap before GC invocations=39 (full 5):
 PSYoungGen      total 862208K, used 801873K [0x000000076ab00000, 0x00000007adc00000, 0x00000007c0000000)
  eden space 781312K, 100% used [0x000000076ab00000,0x000000079a600000,0x000000079a600000)
  from space 80896K, 25% used [0x000000079a600000,0x000000079ba14418,0x000000079f500000)
  to   space 78336K, 0% used [0x00000007a8f80000,0x00000007a8f80000,0x00000007adc00000)
 ParOldGen       total 279552K, used 201096K [0x00000006c0000000, 0x00000006d1100000, 0x000000076ab00000)
  object space 279552K, 71% used [0x00000006c0000000,0x00000006cc462090,0x00000006d1100000)
 Metaspace       used 117048K, capacity 123140K, committed 124288K, reserved 1157120K
  class space    used 15154K, capacity 16395K, committed 16768K, reserved 1048576K
Event: 639.092 GC heap after
Heap after GC invocations=39 (full 5):
 PSYoungGen      total 1022464K, used 22544K [0x000000076ab00000, 0x00000007adb80000, 0x00000007c0000000)
  eden space 944640K, 0% used [0x000000076ab00000,0x000000076ab00000,0x00000007a4580000)
  from space 77824K, 28% used [0x00000007a8f80000,0x00000007aa584258,0x00000007adb80000)
  to   space 75776K, 0% used [0x00000007a4580000,0x00000007a4580000,0x00000007a8f80000)
 ParOldGen       total 279552K, used 211860K [0x00000006c0000000, 0x00000006d1100000, 0x000000076ab00000)
  object space 279552K, 75% used [0x00000006c0000000,0x00000006ccee5358,0x00000006d1100000)
 Metaspace       used 117048K, capacity 123140K, committed 124288K, reserved 1157120K
  class space    used 15154K, capacity 16395K, committed 16768K, reserved 1048576K
}

Deoptimization events (10 events):
Event: 629.928 Thread 0x00000207fbc67800 Uncommon trap: reason=class_check action=maybe_recompile pc=0x00000207e101803c method=com.android.tools.r8.ir.regalloc.a.a(Ljava/util/function/Predicate;Ljava/util/function/BiPredicate;ILcom/android/tools/r8/ir/regalloc/b;IZLcom/android/tools/r8/ir/regall
Event: 630.028 Thread 0x00000207fbc67800 Uncommon trap: reason=class_check action=maybe_recompile pc=0x00000207e101803c method=com.android.tools.r8.ir.regalloc.a.a(Ljava/util/function/Predicate;Ljava/util/function/BiPredicate;ILcom/android/tools/r8/ir/regalloc/b;IZLcom/android/tools/r8/ir/regall
Event: 632.047 Thread 0x00000207f8228800 Uncommon trap: reason=class_check action=maybe_recompile pc=0x00000207e18a663c method=com.android.tools.r8.u.b.m1.a0()I @ 19
Event: 632.246 Thread 0x00000207fbc65000 Uncommon trap: reason=class_check action=maybe_recompile pc=0x00000207e101803c method=com.android.tools.r8.ir.regalloc.a.a(Ljava/util/function/Predicate;Ljava/util/function/BiPredicate;ILcom/android/tools/r8/ir/regalloc/b;IZLcom/android/tools/r8/ir/regall
Event: 632.246 Thread 0x00000207fbc65000 Uncommon trap: reason=class_check action=maybe_recompile pc=0x00000207e101803c method=com.android.tools.r8.ir.regalloc.a.a(Ljava/util/function/Predicate;Ljava/util/function/BiPredicate;ILcom/android/tools/r8/ir/regalloc/b;IZLcom/android/tools/r8/ir/regall
Event: 632.287 Thread 0x00000207fbc66800 Uncommon trap: reason=class_check action=maybe_recompile pc=0x00000207e18a663c method=com.android.tools.r8.u.b.m1.a0()I @ 19
Event: 634.585 Thread 0x00000207fbc66800 Uncommon trap: reason=unstable_if action=reinterpret pc=0x00000207e14a7dcc method=com.android.tools.r8.ir.regalloc.a.a(Lcom/android/tools/r8/ir/regalloc/a$a;Z)Lcom/android/tools/r8/ir/regalloc/a$a; @ 1831
Event: 635.329 Thread 0x00000207f8228800 Uncommon trap: reason=unstable_if action=reinterpret pc=0x00000207e164c62c method=com.android.tools.r8.ir.optimize.l.u(Lcom/android/tools/r8/u/b/W;)V @ 138
Event: 637.119 Thread 0x00000207fbc66800 Uncommon trap: reason=class_check action=maybe_recompile pc=0x00000207e18a663c method=com.android.tools.r8.u.b.m1.a0()I @ 19
Event: 638.037 Thread 0x00000207fbc65000 Uncommon trap: reason=unstable_if action=reinterpret pc=0x00000207e11a9bd4 method=com.android.tools.r8.u.c.p.a(Lcom/android/tools/r8/graph/T;Lcom/android/tools/r8/u/b/W;)V @ 515

Classes redefined (0 events):
No events

Internal exceptions (10 events):
Event: 635.835 Thread 0x00000207fbc65000 Exception <a 'sun/nio/fs/WindowsException'> (0x000000077f3ad6b0) thrown at [C:\wsjdk\Corretto8Src\installers\windows\zip\corretto-build\buildRoot\src\hotspot\src\share\vm\prims\jni.cpp, line 711]
Event: 636.225 Thread 0x00000207f8228800 Exception <a 'sun/nio/fs/WindowsException'> (0x00000007832e1ac8) thrown at [C:\wsjdk\Corretto8Src\installers\windows\zip\corretto-build\buildRoot\src\hotspot\src\share\vm\prims\jni.cpp, line 711]
Event: 636.326 Thread 0x00000207fbc65000 Exception <a 'sun/nio/fs/WindowsException'> (0x00000007852185d0) thrown at [C:\wsjdk\Corretto8Src\installers\windows\zip\corretto-build\buildRoot\src\hotspot\src\share\vm\prims\jni.cpp, line 711]
Event: 636.773 Thread 0x00000207f8228800 Exception <a 'sun/nio/fs/WindowsException'> (0x00000007895ef8c0) thrown at [C:\wsjdk\Corretto8Src\installers\windows\zip\corretto-build\buildRoot\src\hotspot\src\share\vm\prims\jni.cpp, line 711]
Event: 636.919 Thread 0x00000207f8228800 Exception <a 'sun/nio/fs/WindowsException'> (0x000000078baf72f8) thrown at [C:\wsjdk\Corretto8Src\installers\windows\zip\corretto-build\buildRoot\src\hotspot\src\share\vm\prims\jni.cpp, line 711]
Event: 637.356 Thread 0x00000207fbc65000 Exception <a 'sun/nio/fs/WindowsException'> (0x000000079167ea70) thrown at [C:\wsjdk\Corretto8Src\installers\windows\zip\corretto-build\buildRoot\src\hotspot\src\share\vm\prims\jni.cpp, line 711]
Event: 637.773 Thread 0x00000207f8228800 Exception <a 'sun/nio/fs/WindowsException'> (0x0000000794358000) thrown at [C:\wsjdk\Corretto8Src\installers\windows\zip\corretto-build\buildRoot\src\hotspot\src\share\vm\prims\jni.cpp, line 711]
Event: 637.807 Thread 0x00000207fbc65000 Exception <a 'sun/nio/fs/WindowsException'> (0x00000007961ecf68) thrown at [C:\wsjdk\Corretto8Src\installers\windows\zip\corretto-build\buildRoot\src\hotspot\src\share\vm\prims\jni.cpp, line 711]
Event: 638.108 Thread 0x00000207fbc67800 Exception <a 'sun/nio/fs/WindowsException'> (0x0000000798a2d098) thrown at [C:\wsjdk\Corretto8Src\installers\windows\zip\corretto-build\buildRoot\src\hotspot\src\share\vm\prims\jni.cpp, line 711]
Event: 643.131 Thread 0x00000207fbc65000 Exception <a 'sun/nio/fs/WindowsException'> (0x000000077770c4b8) thrown at [C:\wsjdk\Corretto8Src\installers\windows\zip\corretto-build\buildRoot\src\hotspot\src\share\vm\prims\jni.cpp, line 711]

Events (10 events):
Event: 640.723 Thread 0x00000207fbc65000 DEOPT PACKING pc=0x00000207e17d5a40 sp=0x000000321a2f9d70
Event: 640.723 Thread 0x00000207fbc65000 DEOPT UNPACKING pc=0x00000207dcbc75d8 sp=0x000000321a2f9e38 mode 0
Event: 642.017 Thread 0x00000207f8228800 DEOPT PACKING pc=0x00000207e17d5a40 sp=0x0000003218df7720
Event: 642.017 Thread 0x00000207f8228800 DEOPT UNPACKING pc=0x00000207dcbc75d8 sp=0x0000003218df77e8 mode 0
Event: 642.037 Thread 0x00000207fbc65000 DEOPT PACKING pc=0x00000207e17d5a40 sp=0x000000321a2f9d70
Event: 642.037 Thread 0x00000207fbc65000 DEOPT UNPACKING pc=0x00000207dcbc75d8 sp=0x000000321a2f9e38 mode 0
Event: 642.717 Thread 0x00000207f8228800 DEOPT PACKING pc=0x00000207e17d5a40 sp=0x0000003218df72e0
Event: 642.718 Thread 0x00000207f8228800 DEOPT UNPACKING pc=0x00000207dcbc75d8 sp=0x0000003218df73a8 mode 0
Event: 643.142 Thread 0x00000207f8228800 DEOPT PACKING pc=0x00000207e17d5a40 sp=0x0000003218df7720
Event: 643.142 Thread 0x00000207f8228800 DEOPT UNPACKING pc=0x00000207dcbc75d8 sp=0x0000003218df77e8 mode 0


Dynamic libraries:
0x00007ff607bb0000 - 0x00007ff607bea000 	C:\Users\HP\.jdks\corretto-1.8.0_312\bin\java.exe
0x00007fff5f010000 - 0x00007fff5f208000 	C:\WINDOWS\SYSTEM32\ntdll.dll
0x00007fff5dea0000 - 0x00007fff5df5f000 	C:\WINDOWS\System32\KERNEL32.DLL
0x00007fff5c860000 - 0x00007fff5cb32000 	C:\WINDOWS\System32\KERNELBASE.dll
0x00007fff5d4b0000 - 0x00007fff5d55e000 	C:\WINDOWS\System32\ADVAPI32.dll
0x00007fff5eb60000 - 0x00007fff5ebfe000 	C:\WINDOWS\System32\msvcrt.dll
0x00007fff5d620000 - 0x00007fff5d6bc000 	C:\WINDOWS\System32\sechost.dll
0x00007fff5edb0000 - 0x00007fff5eed5000 	C:\WINDOWS\System32\RPCRT4.dll
0x00007fff5ec00000 - 0x00007fff5eda1000 	C:\WINDOWS\System32\USER32.dll
0x00007fff5c7c0000 - 0x00007fff5c7e2000 	C:\WINDOWS\System32\win32u.dll
0x00007fff5d050000 - 0x00007fff5d07b000 	C:\WINDOWS\System32\GDI32.dll
0x00007fff5cbf0000 - 0x00007fff5ccff000 	C:\WINDOWS\System32\gdi32full.dll
0x00007fff5ceb0000 - 0x00007fff5cf4d000 	C:\WINDOWS\System32\msvcp_win.dll
0x00007fff5cf50000 - 0x00007fff5d050000 	C:\WINDOWS\System32\ucrtbase.dll
0x00007fff47fe0000 - 0x00007fff4827a000 	C:\WINDOWS\WinSxS\amd64_microsoft.windows.common-controls_6595b64144ccf1df_6.0.19041.1110_none_60b5254171f9507e\COMCTL32.dll
0x00007fff5e190000 - 0x00007fff5e1c2000 	C:\WINDOWS\System32\IMM32.DLL
0x00007fff296e0000 - 0x00007fff297cf000 	C:\Users\HP\.jdks\corretto-1.8.0_312\jre\bin\msvcr120.dll
0x00007fff30120000 - 0x00007fff301c6000 	C:\Users\HP\.jdks\corretto-1.8.0_312\jre\bin\msvcp120.dll
0x0000000068470000 - 0x0000000068ce0000 	C:\Users\HP\.jdks\corretto-1.8.0_312\jre\bin\server\jvm.dll
0x00007fff5ef60000 - 0x00007fff5ef68000 	C:\WINDOWS\System32\PSAPI.DLL
0x00007fff42640000 - 0x00007fff42649000 	C:\WINDOWS\SYSTEM32\WSOCK32.dll
0x00007fff5df60000 - 0x00007fff5dfcb000 	C:\WINDOWS\System32\WS2_32.dll
0x00007fff46180000 - 0x00007fff461a7000 	C:\WINDOWS\SYSTEM32\WINMM.dll
0x00007fff54550000 - 0x00007fff5455a000 	C:\WINDOWS\SYSTEM32\VERSION.dll
0x00007fff57aa0000 - 0x00007fff57aaf000 	C:\Users\HP\.jdks\corretto-1.8.0_312\jre\bin\verify.dll
0x00007fff4cd50000 - 0x00007fff4cd79000 	C:\Users\HP\.jdks\corretto-1.8.0_312\jre\bin\java.dll
0x00007fff53ad0000 - 0x00007fff53ae6000 	C:\Users\HP\.jdks\corretto-1.8.0_312\jre\bin\zip.dll
0x00007fff5d6c0000 - 0x00007fff5de04000 	C:\WINDOWS\System32\SHELL32.dll
0x00007fff5a490000 - 0x00007fff5ac22000 	C:\WINDOWS\SYSTEM32\windows.storage.dll
0x00007fff5d080000 - 0x00007fff5d3d5000 	C:\WINDOWS\System32\combase.dll
0x00007fff5c160000 - 0x00007fff5c190000 	C:\WINDOWS\SYSTEM32\Wldp.dll
0x00007fff5eab0000 - 0x00007fff5eb5d000 	C:\WINDOWS\System32\SHCORE.dll
0x00007fff5ef70000 - 0x00007fff5efc5000 	C:\WINDOWS\System32\shlwapi.dll
0x00007fff5c640000 - 0x00007fff5c65f000 	C:\WINDOWS\SYSTEM32\profapi.dll
0x00007fff4b250000 - 0x00007fff4b26a000 	C:\Users\HP\.jdks\corretto-1.8.0_312\jre\bin\net.dll
0x00007fff5be70000 - 0x00007fff5beda000 	C:\WINDOWS\system32\mswsock.dll
0x00007fff49280000 - 0x00007fff49292000 	C:\Users\HP\.jdks\corretto-1.8.0_312\jre\bin\nio.dll
0x00007fff4d730000 - 0x00007fff4d756000 	C:\Users\HP\.gradle\native\31\windows-amd64\native-platform.dll
0x00007fff56a10000 - 0x00007fff56a1d000 	C:\Users\HP\.jdks\corretto-1.8.0_312\jre\bin\management.dll
0x00007fff5c0b0000 - 0x00007fff5c0c8000 	C:\WINDOWS\SYSTEM32\CRYPTSP.dll
0x00007fff5b730000 - 0x00007fff5b764000 	C:\WINDOWS\system32\rsaenh.dll
0x00007fff5c790000 - 0x00007fff5c7b7000 	C:\WINDOWS\System32\bcrypt.dll
0x00007fff5c600000 - 0x00007fff5c62e000 	C:\WINDOWS\SYSTEM32\USERENV.dll
0x00007fff5c700000 - 0x00007fff5c782000 	C:\WINDOWS\System32\bcryptprimitives.dll
0x00007fff5c0d0000 - 0x00007fff5c0dc000 	C:\WINDOWS\SYSTEM32\CRYPTBASE.dll
0x00007fff5bb30000 - 0x00007fff5bb6b000 	C:\WINDOWS\SYSTEM32\IPHLPAPI.DLL
0x00007fff5dfd0000 - 0x00007fff5dfd8000 	C:\WINDOWS\System32\NSI.dll
0x00007fff55a80000 - 0x00007fff55a97000 	C:\WINDOWS\SYSTEM32\dhcpcsvc6.DLL
0x00007fff55500000 - 0x00007fff5551d000 	C:\WINDOWS\SYSTEM32\dhcpcsvc.DLL
0x00007fff5bb70000 - 0x00007fff5bc3a000 	C:\WINDOWS\SYSTEM32\DNSAPI.dll
0x00007fff48320000 - 0x00007fff48343000 	C:\Users\HP\.jdks\corretto-1.8.0_312\jre\bin\sunec.dll
0x000000006a410000 - 0x000000006a436000 	C:\Program Files\Bonjour\mdnsNSP.dll
0x00007fff47c90000 - 0x00007fff47c9a000 	C:\Windows\System32\rasadhlp.dll
0x00007fff51d30000 - 0x00007fff51db0000 	C:\WINDOWS\System32\fwpuclnt.dll
0x00007fff50510000 - 0x00007fff5051c000 	C:\Users\HP\.jdks\corretto-1.8.0_312\jre\bin\sunmscapi.dll
0x00007fff5cd00000 - 0x00007fff5ce56000 	C:\WINDOWS\System32\CRYPT32.dll
0x00007fff5c1d0000 - 0x00007fff5c1f7000 	C:\WINDOWS\SYSTEM32\ncrypt.dll
0x00007fff5c190000 - 0x00007fff5c1cb000 	C:\WINDOWS\SYSTEM32\NTASN1.dll
0x00007fff567b0000 - 0x00007fff567ce000 	C:\Users\HP\AppData\Local\Temp\native-platform8115362683787054997dir\native-platform.dll

VM Arguments:
jvm_args: -XX:MaxPermSize=1024m -XX:+HeapDumpOnOutOfMemoryError -Xmx4096m -Dfile.encoding=UTF-8 -Duser.country=IN -Duser.language=en -Duser.variant 
java_command: org.gradle.launcher.daemon.bootstrap.GradleDaemon 6.1.1
java_class_path (initial): C:\Users\HP\.gradle\wrapper\dists\gradle-6.1.1-all\cfmwm155h49vnt3hynmlrsdst\gradle-6.1.1\lib\gradle-launcher-6.1.1.jar
Launcher Type: SUN_STANDARD

Environment Variables:
PATH=C:\Windows\System32;C:\Windows\System32\WindowsPowerShell\v1.0;C:\Program Files\Git\cmd;C:\Users\HP\AppData\Local\Microsoft\WindowsApps;C:\src\flutter\bin;C:\Program Files\Git\bin;
USERNAME=HP
OS=Windows_NT
PROCESSOR_IDENTIFIER=Intel64 Family 6 Model 78 Stepping 3, GenuineIntel



---------------  S Y S T E M  ---------------

OS: Windows 10.0 , 64 bit Build 19041 (10.0.19041.2364)

CPU:total 4 (initial active 4) (2 cores per cpu, 2 threads per core) family 6 model 78 stepping 3, cmov, cx8, fxsr, mmx, sse, sse2, sse3, ssse3, sse4.1, sse4.2, popcnt, avx, avx2, aes, clmul, erms, 3dnowpref, lzcnt, ht, tsc, tscinvbit, bmi1, bmi2, adx

Memory: 4k page, physical 8303524k(369912k free), swap 33469348k(6120k free)

vm_info: OpenJDK 64-Bit Server VM (25.312-b07) for windows-amd64 JRE (1.8.0_312-b07), built on Oct 14 2021 21:08:49 by "Administrator" with MS VC++ 12.0 (VS2013)

time: Mon Dec 19 22:49:20 2022
timezone: India Standard Time
elapsed time: 643.381532 seconds (0d 0h 10m 43s)

