#
# There is insufficient memory for the Java Runtime Environment to continue.
# Native memory allocation (malloc) failed to allocate 1089296 bytes for Chunk::new
# Possible reasons:
#   The system is out of physical RAM or swap space
#   The process is running with CompressedOops enabled, and the Java Heap may be blocking the growth of the native heap
# Possible solutions:
#   Reduce memory load on the system
#   Increase physical memory or swap space
#   Check if swap backing store is full
#   Decrease Java heap size (-Xmx/-Xms)
#   Decrease number of Java threads
#   Decrease Java thread stack sizes (-Xss)
#   Set larger code cache with -XX:ReservedCodeCacheSize=
#   JVM is running with Unscaled Compressed Oops mode in which the Java heap is
#     placed in the first 4GB address space. The Java Heap base address is the
#     maximum limit for the native heap growth. Please use -XX:HeapBaseMinAddress
#     to set the Java Heap base and to place the Java Heap above 4GB virtual address.
# This output file may be truncated or incomplete.
#
#  Out of Memory Error (allocation.cpp:389), pid=25008, tid=0x00000000000033a0
#
# JRE version: OpenJDK Runtime Environment (8.0_312-b07) (build 1.8.0_312-b07)
# Java VM: OpenJDK 64-Bit Server VM (25.312-b07 mixed mode windows-amd64 compressed oops)
# Failed to write core dump. Minidumps are not enabled by default on client versions of Windows
#

---------------  T H R E A D  ---------------

Current thread (0x00000223da51a000):  JavaThread "C2 CompilerThread1" daemon [_thread_in_native, id=13216, stack(0x000000cf10600000,0x000000cf10700000)]

Stack: [0x000000cf10600000,0x000000cf10700000]
[error occurred during error reporting (printing stack bounds), id 0xc0000005]

Native frames: (J=compiled Java code, j=interpreted, Vv=VM code, C=native code)


Current CompileTask:
C2:  58646 14277       4       com.sun.tools.javac.util.Convert::quote (131 bytes)


---------------  P R O C E S S  ---------------

Java Threads: ( => current thread )
  0x00000223da596800 JavaThread "Service Thread" daemon [_thread_blocked, id=2592, stack(0x000000cf10800000,0x000000cf10900000)]
  0x00000223da51c000 JavaThread "C1 CompilerThread2" daemon [_thread_blocked, id=1392, stack(0x000000cf10700000,0x000000cf10800000)]
=>0x00000223da51a000 JavaThread "C2 CompilerThread1" daemon [_thread_in_native, id=13216, stack(0x000000cf10600000,0x000000cf10700000)]
  0x00000223da516000 JavaThread "C2 CompilerThread0" daemon [_thread_in_native, id=9724, stack(0x000000cf10500000,0x000000cf10600000)]
  0x00000223da4fe800 JavaThread "Attach Listener" daemon [_thread_blocked, id=24236, stack(0x000000cf10400000,0x000000cf10500000)]
  0x00000223da515000 JavaThread "Signal Dispatcher" daemon [_thread_blocked, id=10244, stack(0x000000cf10300000,0x000000cf10400000)]
  0x00000223d9db7800 JavaThread "Finalizer" daemon [_thread_blocked, id=24700, stack(0x000000cf10200000,0x000000cf10300000)]
  0x00000223da4e6000 JavaThread "Reference Handler" daemon [_thread_blocked, id=23724, stack(0x000000cf10100000,0x000000cf10200000)]
  0x00000223c3cb5000 JavaThread "main" [_thread_in_native, id=16372, stack(0x000000cf0fb00000,0x000000cf0fc00000)]

Other Threads:
  0x00000223da4c3000 VMThread [stack: 0x000000cf10000000,0x000000cf10100000] [id=15560]
  0x00000223da59a000 WatcherThread [stack: 0x000000cf10900000,0x000000cf10a00000] [id=25312]

VM state:not at safepoint (normal execution)

VM Mutex/Monitor currently owned by a thread: None

heap address: 0x0000000081400000, size: 2028 MB, Compressed Oops mode: 32-bit
Narrow klass base: 0x0000000000000000, Narrow klass shift: 3
Compressed class space size: 1073741824 Address: 0x0000000100000000

Heap:
 PSYoungGen      total 215040K, used 86906K [0x00000000d5c00000, 0x00000000e7380000, 0x0000000100000000)
  eden space 183808K, 39% used [0x00000000d5c00000,0x00000000da377458,0x00000000e0f80000)
  from space 31232K, 43% used [0x00000000e5500000,0x00000000e6267650,0x00000000e7380000)
  to   space 51200K, 0% used [0x00000000e0f80000,0x00000000e0f80000,0x00000000e4180000)
 ParOldGen       total 112640K, used 112236K [0x0000000081400000, 0x0000000088200000, 0x00000000d5c00000)
  object space 112640K, 99% used [0x0000000081400000,0x000000008819b278,0x0000000088200000)
 Metaspace       used 69853K, capacity 71220K, committed 71552K, reserved 1112064K
  class space    used 8160K, capacity 8494K, committed 8576K, reserved 1048576K

Card table byte_map: [0x00000223d4ab0000,0x00000223d4eb0000] byte_map_base: 0x00000223d46a6000

Marking Bits: (ParMarkBitMap*) 0x0000000068c61860
 Begin Bits: [0x00000223d5160000, 0x00000223d7110000)
 End Bits:   [0x00000223d7110000, 0x00000223d90c0000)

Polling page: 0x00000223c3c50000

CodeCache: size=245760Kb used=47975Kb max_used=48552Kb free=197784Kb
 bounds [0x00000223c56f0000, 0x00000223c8690000, 0x00000223d46f0000]
 total_blobs=12272 nmethods=11712 adapters=469
 compilation: enabled

Compilation events (10 events):
Event: 58.468 Thread 0x00000223da51c000 14300 %     3       java.util.Formatter$FormatSpecifier::print @ 386 (463 bytes)
Event: 58.476 Thread 0x00000223da51c000 nmethod 14300% 0x00000223c7e48650 code [0x00000223c7e48c40, 0x00000223c7e4cf90]
Event: 58.476 Thread 0x00000223da51c000 14302       3       com.sun.tools.javac.util.Convert::quote (42 bytes)
Event: 58.477 Thread 0x00000223da51c000 nmethod 14302 0x00000223c7044850 code [0x00000223c7044a40, 0x00000223c70453e0]
Event: 58.477 Thread 0x00000223da51c000 14301       2       com.sun.tools.javac.tree.Pretty::printStats (37 bytes)
Event: 58.478 Thread 0x00000223da51c000 nmethod 14301 0x00000223c6b09610 code [0x00000223c6b097a0, 0x00000223c6b09ad0]
Event: 58.526 Thread 0x00000223da51c000 14304   !   2       com.sun.tools.javac.tree.Pretty::visitNewArray (218 bytes)
Event: 58.529 Thread 0x00000223da51c000 nmethod 14304 0x00000223c6157850 code [0x00000223c6157b40, 0x00000223c6158560]
Event: 58.534 Thread 0x00000223da51c000 14305       3       java.util.Formatter$FormatSpecifier::print (463 bytes)
Event: 58.542 Thread 0x00000223da51c000 nmethod 14305 0x00000223c7e41990 code [0x00000223c7e41f60, 0x00000223c7e46170]

GC Heap History (10 events):
Event: 31.981 GC heap before
{Heap before GC invocations=12 (full 3):
 PSYoungGen      total 188928K, used 39416K [0x00000000d5c00000, 0x00000000e8900000, 0x0000000100000000)
  eden space 149504K, 0% used [0x00000000d5c00000,0x00000000d5c00000,0x00000000dee00000)
  from space 39424K, 99% used [0x00000000dee00000,0x00000000e147e100,0x00000000e1480000)
  to   space 53248K, 0% used [0x00000000e5500000,0x00000000e5500000,0x00000000e8900000)
 ParOldGen       total 112640K, used 67086K [0x0000000081400000, 0x0000000088200000, 0x00000000d5c00000)
  object space 112640K, 59% used [0x0000000081400000,0x0000000085583af0,0x0000000088200000)
 Metaspace       used 57790K, capacity 58924K, committed 59028K, reserved 1101824K
  class space    used 7134K, capacity 7414K, committed 7424K, reserved 1048576K
Event: 33.004 GC heap after
Heap after GC invocations=12 (full 3):
 PSYoungGen      total 188928K, used 0K [0x00000000d5c00000, 0x00000000e8900000, 0x0000000100000000)
  eden space 149504K, 0% used [0x00000000d5c00000,0x00000000d5c00000,0x00000000dee00000)
  from space 39424K, 0% used [0x00000000dee00000,0x00000000dee00000,0x00000000e1480000)
  to   space 53248K, 0% used [0x00000000e5500000,0x00000000e5500000,0x00000000e8900000)
 ParOldGen       total 112640K, used 82619K [0x0000000081400000, 0x0000000088200000, 0x00000000d5c00000)
  object space 112640K, 73% used [0x0000000081400000,0x00000000864aec20,0x0000000088200000)
 Metaspace       used 57790K, capacity 58924K, committed 59028K, reserved 1101824K
  class space    used 7134K, capacity 7414K, committed 7424K, reserved 1048576K
}
Event: 39.473 GC heap before
{Heap before GC invocations=13 (full 3):
 PSYoungGen      total 188928K, used 149504K [0x00000000d5c00000, 0x00000000e8900000, 0x0000000100000000)
  eden space 149504K, 100% used [0x00000000d5c00000,0x00000000dee00000,0x00000000dee00000)
  from space 39424K, 0% used [0x00000000dee00000,0x00000000dee00000,0x00000000e1480000)
  to   space 53248K, 0% used [0x00000000e5500000,0x00000000e5500000,0x00000000e8900000)
 ParOldGen       total 112640K, used 82619K [0x0000000081400000, 0x0000000088200000, 0x00000000d5c00000)
  object space 112640K, 73% used [0x0000000081400000,0x00000000864aec20,0x0000000088200000)
 Metaspace       used 59963K, capacity 61194K, committed 61440K, reserved 1103872K
  class space    used 7267K, capacity 7557K, committed 7680K, reserved 1048576K
Event: 39.537 GC heap after
Heap after GC invocations=13 (full 3):
 PSYoungGen      total 215040K, used 24877K [0x00000000d5c00000, 0x00000000e7380000, 0x0000000100000000)
  eden space 183808K, 0% used [0x00000000d5c00000,0x00000000d5c00000,0x00000000e0f80000)
  from space 31232K, 79% used [0x00000000e5500000,0x00000000e6d4b790,0x00000000e7380000)
  to   space 51200K, 0% used [0x00000000e0f80000,0x00000000e0f80000,0x00000000e4180000)
 ParOldGen       total 112640K, used 82627K [0x0000000081400000, 0x0000000088200000, 0x00000000d5c00000)
  object space 112640K, 73% used [0x0000000081400000,0x00000000864b0c20,0x0000000088200000)
 Metaspace       used 59963K, capacity 61194K, committed 61440K, reserved 1103872K
  class space    used 7267K, capacity 7557K, committed 7680K, reserved 1048576K
}
Event: 47.124 GC heap before
{Heap before GC invocations=14 (full 3):
 PSYoungGen      total 215040K, used 208685K [0x00000000d5c00000, 0x00000000e7380000, 0x0000000100000000)
  eden space 183808K, 100% used [0x00000000d5c00000,0x00000000e0f80000,0x00000000e0f80000)
  from space 31232K, 79% used [0x00000000e5500000,0x00000000e6d4b790,0x00000000e7380000)
  to   space 51200K, 0% used [0x00000000e0f80000,0x00000000e0f80000,0x00000000e4180000)
 ParOldGen       total 112640K, used 82627K [0x0000000081400000, 0x0000000088200000, 0x00000000d5c00000)
  object space 112640K, 73% used [0x0000000081400000,0x00000000864b0c20,0x0000000088200000)
 Metaspace       used 64805K, capacity 66142K, committed 66432K, reserved 1107968K
  class space    used 7630K, capacity 7979K, committed 8064K, reserved 1048576K
Event: 47.335 GC heap after
Heap after GC invocations=14 (full 3):
 PSYoungGen      total 235008K, used 45067K [0x00000000d5c00000, 0x00000000e7380000, 0x0000000100000000)
  eden space 183808K, 0% used [0x00000000d5c00000,0x00000000d5c00000,0x00000000e0f80000)
  from space 51200K, 88% used [0x00000000e0f80000,0x00000000e3b82d50,0x00000000e4180000)
  to   space 31232K, 0% used [0x00000000e5500000,0x00000000e5500000,0x00000000e7380000)
 ParOldGen       total 112640K, used 82627K [0x0000000081400000, 0x0000000088200000, 0x00000000d5c00000)
  object space 112640K, 73% used [0x0000000081400000,0x00000000864b0c20,0x0000000088200000)
 Metaspace       used 64805K, capacity 66142K, committed 66432K, reserved 1107968K
  class space    used 7630K, capacity 7979K, committed 8064K, reserved 1048576K
}
Event: 53.732 GC heap before
{Heap before GC invocations=15 (full 3):
 PSYoungGen      total 235008K, used 228875K [0x00000000d5c00000, 0x00000000e7380000, 0x0000000100000000)
  eden space 183808K, 100% used [0x00000000d5c00000,0x00000000e0f80000,0x00000000e0f80000)
  from space 51200K, 88% used [0x00000000e0f80000,0x00000000e3b82d50,0x00000000e4180000)
  to   space 31232K, 0% used [0x00000000e5500000,0x00000000e5500000,0x00000000e7380000)
 ParOldGen       total 112640K, used 82627K [0x0000000081400000, 0x0000000088200000, 0x00000000d5c00000)
  object space 112640K, 73% used [0x0000000081400000,0x00000000864b0c20,0x0000000088200000)
 Metaspace       used 69620K, capacity 70964K, committed 71296K, reserved 1112064K
  class space    used 8155K, capacity 8494K, committed 8576K, reserved 1048576K
Event: 53.910 GC heap after
Heap after GC invocations=15 (full 3):
 PSYoungGen      total 215040K, used 31209K [0x00000000d5c00000, 0x00000000e7380000, 0x0000000100000000)
  eden space 183808K, 0% used [0x00000000d5c00000,0x00000000d5c00000,0x00000000e0f80000)
  from space 31232K, 99% used [0x00000000e5500000,0x00000000e737a420,0x00000000e7380000)
  to   space 51200K, 0% used [0x00000000e0f80000,0x00000000e0f80000,0x00000000e4180000)
 ParOldGen       total 112640K, used 101472K [0x0000000081400000, 0x0000000088200000, 0x00000000d5c00000)
  object space 112640K, 90% used [0x0000000081400000,0x0000000087718140,0x0000000088200000)
 Metaspace       used 69620K, capacity 70964K, committed 71296K, reserved 1112064K
  class space    used 8155K, capacity 8494K, committed 8576K, reserved 1048576K
}
Event: 53.916 GC heap before
{Heap before GC invocations=16 (full 4):
 PSYoungGen      total 215040K, used 31209K [0x00000000d5c00000, 0x00000000e7380000, 0x0000000100000000)
  eden space 183808K, 0% used [0x00000000d5c00000,0x00000000d5c00000,0x00000000e0f80000)
  from space 31232K, 99% used [0x00000000e5500000,0x00000000e737a420,0x00000000e7380000)
  to   space 51200K, 0% used [0x00000000e0f80000,0x00000000e0f80000,0x00000000e4180000)
 ParOldGen       total 112640K, used 101472K [0x0000000081400000, 0x0000000088200000, 0x00000000d5c00000)
  object space 112640K, 90% used [0x0000000081400000,0x0000000087718140,0x0000000088200000)
 Metaspace       used 69620K, capacity 70964K, committed 71296K, reserved 1112064K
  class space    used 8155K, capacity 8494K, committed 8576K, reserved 1048576K
Event: 57.104 GC heap after
Heap after GC invocations=16 (full 4):
 PSYoungGen      total 215040K, used 13725K [0x00000000d5c00000, 0x00000000e7380000, 0x0000000100000000)
  eden space 183808K, 0% used [0x00000000d5c00000,0x00000000d5c00000,0x00000000e0f80000)
  from space 31232K, 43% used [0x00000000e5500000,0x00000000e6267650,0x00000000e7380000)
  to   space 51200K, 0% used [0x00000000e0f80000,0x00000000e0f80000,0x00000000e4180000)
 ParOldGen       total 112640K, used 112236K [0x0000000081400000, 0x0000000088200000, 0x00000000d5c00000)
  object space 112640K, 99% used [0x0000000081400000,0x000000008819b278,0x0000000088200000)
 Metaspace       used 69620K, capacity 70964K, committed 71296K, reserved 1112064K
  class space    used 8155K, capacity 8494K, committed 8576K, reserved 1048576K
}

Deoptimization events (10 events):
Event: 57.828 Thread 0x00000223c3cb5000 Uncommon trap: reason=unstable_if action=reinterpret pc=0x00000223c8652d24 method=org.jetbrains.kotlin.kapt3.stubs.ClassFileToSourceStubConverter.isValidIdentifier(Ljava/lang/String;Z)Z @ 23
Event: 57.859 Thread 0x00000223c3cb5000 Uncommon trap: reason=unstable_if action=reinterpret pc=0x00000223c85127d8 method=java.io.WinNTFileSystem.normalize(Ljava/lang/String;II)Ljava/lang/String; @ 8
Event: 57.922 Thread 0x00000223c3cb5000 Uncommon trap: reason=bimorphic action=maybe_recompile pc=0x00000223c865e378 method=com.sun.tools.javac.tree.JCTree$JCLiteral.accept(Lcom/sun/tools/javac/tree/JCTree$Visitor;)V @ 2
Event: 57.922 Thread 0x00000223c3cb5000 Uncommon trap: reason=bimorphic action=maybe_recompile pc=0x00000223c865e378 method=com.sun.tools.javac.tree.JCTree$JCLiteral.accept(Lcom/sun/tools/javac/tree/JCTree$Visitor;)V @ 2
Event: 57.922 Thread 0x00000223c3cb5000 Uncommon trap: reason=bimorphic action=maybe_recompile pc=0x00000223c865e378 method=com.sun.tools.javac.tree.JCTree$JCLiteral.accept(Lcom/sun/tools/javac/tree/JCTree$Visitor;)V @ 2
Event: 57.922 Thread 0x00000223c3cb5000 Uncommon trap: reason=bimorphic action=maybe_recompile pc=0x00000223c865e378 method=com.sun.tools.javac.tree.JCTree$JCLiteral.accept(Lcom/sun/tools/javac/tree/JCTree$Visitor;)V @ 2
Event: 57.932 Thread 0x00000223c3cb5000 Uncommon trap: reason=bimorphic action=maybe_recompile pc=0x00000223c6ab2f68 method=com.sun.tools.javac.tree.JCTree$JCModifiers.accept(Lcom/sun/tools/javac/tree/JCTree$Visitor;)V @ 2
Event: 57.932 Thread 0x00000223c3cb5000 Uncommon trap: reason=bimorphic action=maybe_recompile pc=0x00000223c6ab2f68 method=com.sun.tools.javac.tree.JCTree$JCModifiers.accept(Lcom/sun/tools/javac/tree/JCTree$Visitor;)V @ 2
Event: 57.932 Thread 0x00000223c3cb5000 Uncommon trap: reason=bimorphic action=maybe_recompile pc=0x00000223c6ab2f68 method=com.sun.tools.javac.tree.JCTree$JCModifiers.accept(Lcom/sun/tools/javac/tree/JCTree$Visitor;)V @ 2
Event: 57.933 Thread 0x00000223c3cb5000 Uncommon trap: reason=bimorphic action=maybe_recompile pc=0x00000223c6ab2f68 method=com.sun.tools.javac.tree.JCTree$JCModifiers.accept(Lcom/sun/tools/javac/tree/JCTree$Visitor;)V @ 2

Classes redefined (0 events):
No events

Internal exceptions (10 events):
Event: 42.408 Thread 0x00000223c3cb5000 Implicit null exception at 0x00000223c6c9c938 to 0x00000223c6ca02b9
Event: 42.409 Thread 0x00000223c3cb5000 Implicit null exception at 0x00000223c705ffcd to 0x00000223c706116d
Event: 42.823 Thread 0x00000223c3cb5000 Implicit null exception at 0x00000223c6049128 to 0x00000223c6049755
Event: 42.824 Thread 0x00000223c3cb5000 Implicit null exception at 0x00000223c78f4296 to 0x00000223c78f484d
Event: 42.824 Thread 0x00000223c3cb5000 Implicit null exception at 0x00000223c64de3e0 to 0x00000223c64de9e1
Event: 42.824 Thread 0x00000223c3cb5000 Implicit null exception at 0x00000223c79e4437 to 0x00000223c79e4975
Event: 42.824 Thread 0x00000223c3cb5000 Implicit null exception at 0x00000223c62bc620 to 0x00000223c62bcb71
Event: 42.824 Thread 0x00000223c3cb5000 Implicit null exception at 0x00000223c757de5b to 0x00000223c757e255
Event: 44.238 Thread 0x00000223c3cb5000 Exception <a 'java/lang/NoSuchMethodError': java.lang.Object.lambda$static$0(Lorg/jetbrains/kotlin/descriptors/ValueParameterDescriptor;Lorg/jetbrains/kotlin/codegen/ExpressionCodegen;)Lorg/jetbrains/kotlin/codegen/StackValue;> (0x00000000daca9310) thrown
Event: 52.862 Thread 0x00000223c3cb5000 Implicit null exception at 0x00000223c7d68ef0 to 0x00000223c7d6a201

Events (10 events):
Event: 58.201 Thread 0x00000223c3cb5000 DEOPT PACKING pc=0x00000223c6316067 sp=0x000000cf0fbfd710
Event: 58.201 Thread 0x00000223c3cb5000 DEOPT UNPACKING pc=0x00000223c57375d8 sp=0x000000cf0fbfd438 mode 0
Event: 58.209 Thread 0x00000223c3cb5000 DEOPT PACKING pc=0x00000223c6316067 sp=0x000000cf0fbfd770
Event: 58.209 Thread 0x00000223c3cb5000 DEOPT UNPACKING pc=0x00000223c57375d8 sp=0x000000cf0fbfd498 mode 0
Event: 58.219 Thread 0x00000223c3cb5000 DEOPT PACKING pc=0x00000223c6316067 sp=0x000000cf0fbfd770
Event: 58.219 Thread 0x00000223c3cb5000 DEOPT UNPACKING pc=0x00000223c57375d8 sp=0x000000cf0fbfd498 mode 0
Event: 58.315 Thread 0x00000223c3cb5000 DEOPT PACKING pc=0x00000223c6aa685d sp=0x000000cf0fbfdcd0
Event: 58.315 Thread 0x00000223c3cb5000 DEOPT UNPACKING pc=0x00000223c57375d8 sp=0x000000cf0fbfda68 mode 0
Event: 58.472 Thread 0x00000223c3cb5000 DEOPT PACKING pc=0x00000223c6313f9e sp=0x000000cf0fbfd930
Event: 58.472 Thread 0x00000223c3cb5000 DEOPT UNPACKING pc=0x00000223c57375d8 sp=0x000000cf0fbfd6a8 mode 0


Dynamic libraries:
0x00007ff68ed90000 - 0x00007ff68edca000 	C:\Users\HP\.jdks\corretto-1.8.0_312\jre\bin\java.exe
0x00007fff5f010000 - 0x00007fff5f208000 	C:\WINDOWS\SYSTEM32\ntdll.dll
0x00007fff5dea0000 - 0x00007fff5df5f000 	C:\WINDOWS\System32\KERNEL32.DLL
0x00007fff5c860000 - 0x00007fff5cb32000 	C:\WINDOWS\System32\KERNELBASE.dll
0x00007fff5d4b0000 - 0x00007fff5d55e000 	C:\WINDOWS\System32\ADVAPI32.dll
0x00007fff5eb60000 - 0x00007fff5ebfe000 	C:\WINDOWS\System32\msvcrt.dll
0x00007fff5d620000 - 0x00007fff5d6bc000 	C:\WINDOWS\System32\sechost.dll
0x00007fff5edb0000 - 0x00007fff5eed5000 	C:\WINDOWS\System32\RPCRT4.dll
0x00007fff5ec00000 - 0x00007fff5eda1000 	C:\WINDOWS\System32\USER32.dll
0x00007fff5c7c0000 - 0x00007fff5c7e2000 	C:\WINDOWS\System32\win32u.dll
0x00007fff5d050000 - 0x00007fff5d07b000 	C:\WINDOWS\System32\GDI32.dll
0x00007fff5cbf0000 - 0x00007fff5ccff000 	C:\WINDOWS\System32\gdi32full.dll
0x00007fff5ceb0000 - 0x00007fff5cf4d000 	C:\WINDOWS\System32\msvcp_win.dll
0x00007fff5cf50000 - 0x00007fff5d050000 	C:\WINDOWS\System32\ucrtbase.dll
0x00007fff47fe0000 - 0x00007fff4827a000 	C:\WINDOWS\WinSxS\amd64_microsoft.windows.common-controls_6595b64144ccf1df_6.0.19041.1110_none_60b5254171f9507e\COMCTL32.dll
0x00007fff5e190000 - 0x00007fff5e1c2000 	C:\WINDOWS\System32\IMM32.DLL
0x00007fff296e0000 - 0x00007fff297cf000 	C:\Users\HP\.jdks\corretto-1.8.0_312\jre\bin\msvcr120.dll
0x00007fff30120000 - 0x00007fff301c6000 	C:\Users\HP\.jdks\corretto-1.8.0_312\jre\bin\msvcp120.dll
0x0000000068470000 - 0x0000000068ce0000 	C:\Users\HP\.jdks\corretto-1.8.0_312\jre\bin\server\jvm.dll
0x00007fff5ef60000 - 0x00007fff5ef68000 	C:\WINDOWS\System32\PSAPI.DLL
0x00007fff54550000 - 0x00007fff5455a000 	C:\WINDOWS\SYSTEM32\VERSION.dll
0x00007fff42640000 - 0x00007fff42649000 	C:\WINDOWS\SYSTEM32\WSOCK32.dll
0x00007fff46180000 - 0x00007fff461a7000 	C:\WINDOWS\SYSTEM32\WINMM.dll
0x00007fff5df60000 - 0x00007fff5dfcb000 	C:\WINDOWS\System32\WS2_32.dll
0x00007fff57aa0000 - 0x00007fff57aaf000 	C:\Users\HP\.jdks\corretto-1.8.0_312\jre\bin\verify.dll
0x00007fff4cd50000 - 0x00007fff4cd79000 	C:\Users\HP\.jdks\corretto-1.8.0_312\jre\bin\java.dll
0x00007fff53ad0000 - 0x00007fff53ae6000 	C:\Users\HP\.jdks\corretto-1.8.0_312\jre\bin\zip.dll
0x00007fff5d6c0000 - 0x00007fff5de04000 	C:\WINDOWS\System32\SHELL32.dll
0x00007fff5a490000 - 0x00007fff5ac22000 	C:\WINDOWS\SYSTEM32\windows.storage.dll
0x00007fff5d080000 - 0x00007fff5d3d5000 	C:\WINDOWS\System32\combase.dll
0x00007fff5c160000 - 0x00007fff5c190000 	C:\WINDOWS\SYSTEM32\Wldp.dll
0x00007fff5eab0000 - 0x00007fff5eb5d000 	C:\WINDOWS\System32\SHCORE.dll
0x00007fff5ef70000 - 0x00007fff5efc5000 	C:\WINDOWS\System32\shlwapi.dll
0x00007fff5c640000 - 0x00007fff5c65f000 	C:\WINDOWS\SYSTEM32\profapi.dll
0x00007fff4b250000 - 0x00007fff4b26a000 	C:\Users\HP\.jdks\corretto-1.8.0_312\jre\bin\net.dll
0x00007fff5be70000 - 0x00007fff5beda000 	C:\WINDOWS\system32\mswsock.dll
0x00007fff49280000 - 0x00007fff49292000 	C:\Users\HP\.jdks\corretto-1.8.0_312\jre\bin\nio.dll

VM Arguments:
java_command: org.jetbrains.kotlin.cli.jvm.K2JVMCompiler @D:\MyStuff\Proj\in10m\in10m_pro\app\build\20221219_7812748081020812444.compiler.options
java_class_path (initial): C:\Users\HP\.gradle\caches\modules-2\files-2.1\org.jetbrains.kotlin\kotlin-compiler-embeddable\1.4.32\b4fc9be460ca88eecea2303e142ce2920bd14775\kotlin-compiler-embeddable-1.4.32.jar;C:\Users\HP\.gradle\caches\modules-2\files-2.1\org.jetbrains.kotlin\kotlin-reflect\1.4.32\ce852b166d97f0f1991b5130c2bb02e2ef6c554e\kotlin-reflect-1.4.32.jar;C:\Users\HP\.gradle\caches\modules-2\files-2.1\org.jetbrains.kotlin\kotlin-stdlib\1.4.32\461367948840adbb0839c51d91ed74ef4a9ccb52\kotlin-stdlib-1.4.32.jar;C:\Users\HP\.gradle\caches\modules-2\files-2.1\org.jetbrains.kotlin\kotlin-script-runtime\1.4.32\bac50b0748be017dbc13fc1cb7231b1c9da0e106\kotlin-script-runtime-1.4.32.jar;C:\Users\HP\.gradle\caches\modules-2\files-2.1\org.jetbrains.kotlin\kotlin-daemon-embeddable\1.4.32\b40c5de5adea26ebb4e5fc36945c482ac20acee2\kotlin-daemon-embeddable-1.4.32.jar;C:\Users\HP\.gradle\caches\modules-2\files-2.1\org.jetbrains.intellij.deps\trove4j\1.0.20181211\216c2e14b070f334479d800987affe4054cd563f\trove4j-1.0.20181211.jar;C:\Users\HP\.gradle\caches\modules-2\files-2.1\org.jetbrains.kotlin\kotlin-stdlib-common\1.4.32\ef50bfa2c0491a11dcc35d9822edbfd6170e1ea2\kotlin-stdlib-common-1.4.32.jar;C:\Users\HP\.gradle\caches\modules-2\files-2.1\org.jetbrains\annotations\13.0\919f0dfe192fb4e063e7dacadee7f8bb9a2672a9\annotations-13.0.jar;C:\Users\HP\.jdks\corretto-1.8.0_312\lib\tools.jar
Launcher Type: SUN_STANDARD

Environment Variables:
PATH=C:\Windows\System32;C:\Windows\System32\WindowsPowerShell\v1.0;C:\Program Files\Git\cmd;C:\Users\HP\AppData\Local\Microsoft\WindowsApps;C:\src\flutter\bin;C:\Program Files\Git\bin;
USERNAME=HP
OS=Windows_NT
PROCESSOR_IDENTIFIER=Intel64 Family 6 Model 78 Stepping 3, GenuineIntel



---------------  S Y S T E M  ---------------

OS: Windows 10.0 , 64 bit Build 19041 (10.0.19041.2364)

CPU:total 4 (initial active 4) (2 cores per cpu, 2 threads per core) family 6 model 78 stepping 3, cmov, cx8, fxsr, mmx, sse, sse2, sse3, ssse3, sse4.1, sse4.2, popcnt, avx, avx2, aes, clmul, erms, 3dnowpref, lzcnt, ht, tsc, tscinvbit, bmi1, bmi2, adx

Memory: 4k page, physical 8303524k(339592k free), swap 33469348k(6476k free)

vm_info: OpenJDK 64-Bit Server VM (25.312-b07) for windows-amd64 JRE (1.8.0_312-b07), built on Oct 14 2021 21:08:49 by "Administrator" with MS VC++ 12.0 (VS2013)

time: Mon Dec 19 22:47:56 2022
timezone: India Standard Time
elapsed time: 58.686729 seconds (0d 0h 0m 58s)

